remote: error: GH013: Repository rule violations found for refs/heads/main.        
remote: 
remote: - GITHUB PUSH PROTECTION        
remote:   풉칂칬풉칂칬풉칂칬풉칂칬풉칂칬풉칂칬풉칂칬풉칂칬풉칂칬풉칂칬풉칂칬풉칂칬풉칂칬풉칂칬풉칂칬풉칂칬풉칂칬풉칂칬풉칂칬풉칂칬풉칂칬풉칂칬풉칂칬풉칂칬풉칂칬풉칂칬풉칂칬풉칂칬풉칂칬풉칂칬풉칂칬풉칂칬풉칂칬풉칂칬풉칂칬풉칂칬풉칂칬풉칂칬풉칂칬풉칂칬풉칂칬        
remote:     Resolve the following violations before pushing again        
remote: 
remote:     - Push cannot contain secrets        
remote: 
remote:             
remote:      (?) Learn how to resolve a blocked push        
remote:      https://docs.github.com/code-security/secret-scanning/working-with-secret-scanning-and-push-protection/working-with-push-protection-from-the-command-line#resolving-a-blocked-push        
remote:             
remote:             
remote:       풉칂칬풉칂칬 Aiven Service Password 풉칂칬풉칂칬풉칂칬풉칂칬풉칂칬풉칂칬풉칂칬풉칂칬풉칂칬풉칂칬풉칂칬풉칂칬풉칂칬풉칂칬풉칂칬풉칂칬풉칂칬풉칂칬풉칂칬풉칂칬풉칂칬풉칂칬풉칂칬풉칂칬풉칂칬풉칂칬풉칂칬풉칂칬        
remote:        locations:        
remote:          - commit: 00b5d7ccb4b3436efd2a5f7c30d4f52216bce7ab        
remote:            path: taskflow-backend/run_migration_aiven.js:11        
remote:             
remote:        (?) To push, remove secret from commit(s) or follow this URL to allow the secret.        
remote:        https://github.com/Siddhantpal08/TaskFlow/security/secret-scanning/unblock-secret/3BDk81kovRAttUq9ZnJEdj5O4WF        
remote:             
remote: 
remote: 
To https://github.com/Siddhantpal08/TaskFlow.git
 ! [remote rejected] main -> main (push declined due to repository rule violations)
error: failed to push some refs to 'https://github.com/Siddhantpal08/TaskFlow.git'
